0 info it worked if it ends with ok
1 verbose cli [ '/Users/zachary/.nvm/versions/node/v5.0.0/bin/node',
1 verbose cli   '/Users/zachary/.nvm/versions/node/v5.0.0/bin/npm',
1 verbose cli   'start' ]
2 info using npm@3.3.6
3 info using node@v5.0.0
4 verbose run-script [ 'prestart', 'start', 'poststart' ]
5 info lifecycle richHomiePrep@1.0.0~prestart: richHomiePrep@1.0.0
6 silly lifecycle richHomiePrep@1.0.0~prestart: no script for prestart, continuing
7 info lifecycle richHomiePrep@1.0.0~start: richHomiePrep@1.0.0
8 verbose lifecycle richHomiePrep@1.0.0~start: unsafe-perm in lifecycle true
9 verbose lifecycle richHomiePrep@1.0.0~start: PATH: /Users/zachary/.nvm/versions/node/v5.0.0/lib/node_modules/npm/bin/node-gyp-bin:/Users/zachary/makersquare/RichHomiePrep/node_modules/.bin:/Users/zachary/.nvm/versions/node/v5.0.0/bin:/opt/local/bin:/opt/local/sbin:/usr/local/heroku/bin:/Library/Frameworks/Python.framework/Versions/3.4/bin:/Library/Frameworks/Python.framework/Versions/3.4/bin:/Users/zachary/Applications/sbt/bin:/usr/local/bin:/usr/bin:/bin:/usr/sbin:/sbin:/usr/local/git/bin
10 verbose lifecycle richHomiePrep@1.0.0~start: CWD: /Users/zachary/makersquare/RichHomiePrep
11 silly lifecycle richHomiePrep@1.0.0~start: Args: [ '-c', 'babel-node server.js' ]
12 silly lifecycle richHomiePrep@1.0.0~start: Returned: code: 1  signal: null
13 info lifecycle richHomiePrep@1.0.0~start: Failed to exec start script
14 verbose stack Error: richHomiePrep@1.0.0 start: `babel-node server.js`
14 verbose stack Exit status 1
14 verbose stack     at EventEmitter.<anonymous> (/Users/zachary/.nvm/versions/node/v5.0.0/lib/node_modules/npm/lib/utils/lifecycle.js:233:16)
14 verbose stack     at emitTwo (events.js:87:13)
14 verbose stack     at EventEmitter.emit (events.js:172:7)
14 verbose stack     at ChildProcess.<anonymous> (/Users/zachary/.nvm/versions/node/v5.0.0/lib/node_modules/npm/lib/utils/spawn.js:24:14)
14 verbose stack     at emitTwo (events.js:87:13)
14 verbose stack     at ChildProcess.emit (events.js:172:7)
14 verbose stack     at maybeClose (internal/child_process.js:818:16)
14 verbose stack     at Process.ChildProcess._handle.onexit (internal/child_process.js:211:5)
15 verbose pkgid richHomiePrep@1.0.0
16 verbose cwd /Users/zachary/makersquare/RichHomiePrep
17 error Darwin 15.0.0
18 error argv "/Users/zachary/.nvm/versions/node/v5.0.0/bin/node" "/Users/zachary/.nvm/versions/node/v5.0.0/bin/npm" "start"
19 error node v5.0.0
20 error npm  v3.3.6
21 error code ELIFECYCLE
22 error richHomiePrep@1.0.0 start: `babel-node server.js`
22 error Exit status 1
23 error Failed at the richHomiePrep@1.0.0 start script 'babel-node server.js'.
23 error This is most likely a problem with the richHomiePrep package,
23 error not with npm itself.
23 error Tell the author that this fails on your system:
23 error     babel-node server.js
23 error You can get their info via:
23 error     npm owner ls richHomiePrep
23 error There is likely additional logging output above.
24 verbose exit [ 1, true ]
